#
# There is insufficient memory for the Java Runtime Environment to continue.
# Native memory allocation (malloc) failed to allocate 1048576 bytes. Error detail: AllocateHeap
# Possible reasons:
#   The system is out of physical RAM or swap space
#   This process is running with CompressedOops enabled, and the Java Heap may be blocking the growth of the native heap
# Possible solutions:
#   Reduce memory load on the system
#   Increase physical memory or swap space
#   Check if swap backing store is full
#   Decrease Java heap size (-Xmx/-Xms)
#   Decrease number of Java threads
#   Decrease Java thread stack sizes (-Xss)
#   Set larger code cache with -XX:ReservedCodeCacheSize=
#   JVM is running with Unscaled Compressed Oops mode in which the Java heap is
#     placed in the first 4GB address space. The Java Heap base address is the
#     maximum limit for the native heap growth. Please use -XX:HeapBaseMinAddress
#     to set the Java Heap base and to place the Java Heap above 4GB virtual address.
# This output file may be truncated or incomplete.
#
#  Out of Memory Error (allocation.cpp:44), pid=8020, tid=12428
#
# JRE version:  (21.0.6+7) (build )
# Java VM: OpenJDK 64-Bit Server VM (21.0.6+7-LTS, mixed mode, sharing, tiered, compressed oops, compressed class ptrs, parallel gc, windows-amd64)
# No core dump will be written. Minidumps are not enabled by default on client versions of Windows
#

---------------  S U M M A R Y ------------

Command Line: --add-modules=ALL-SYSTEM --add-opens=java.base/java.util=ALL-UNNAMED --add-opens=java.base/java.lang=ALL-UNNAMED --add-opens=java.base/sun.nio.fs=ALL-UNNAMED -Declipse.application=org.eclipse.jdt.ls.core.id1 -Dosgi.bundles.defaultStartLevel=4 -Declipse.product=org.eclipse.jdt.ls.core.product -Djava.import.generatesMetadataFilesAtProjectRoot=false -DDetectVMInstallationsJob.disabled=true -Dfile.encoding=utf8 -XX:+UseParallelGC -XX:GCTimeRatio=4 -XX:AdaptiveSizePolicyWeight=90 -Dsun.zip.disableMemoryMapping=true -Xmx1G -Xms100m -Xlog:disable -javaagent:c:\Users\Admin\.vscode\extensions\redhat.java-1.40.0-win32-x64\lombok\lombok-1.18.36.jar -XX:+HeapDumpOnOutOfMemoryError -XX:HeapDumpPath=c:\Users\Admin\AppData\Roaming\Code\User\workspaceStorage\c2ca087e62a9046a6d35a755ef195db1\redhat.java -Daether.dependencyCollector.impl=bf c:\Users\Admin\.vscode\extensions\redhat.java-1.40.0-win32-x64\server\plugins\org.eclipse.equinox.launcher_1.6.1000.v20250131-0606.jar -configuration c:\Users\Admin\AppData\Roaming\Code\User\globalStorage\redhat.java\1.40.0\config_win -data c:\Users\Admin\AppData\Roaming\Code\User\workspaceStorage\c2ca087e62a9046a6d35a755ef195db1\redhat.java\jdt_ws --pipe=\\.\pipe\lsp-7a947f13bd97c1f61ffc1fbd786e5411-sock

Host: Intel(R) Core(TM) i5-8250U CPU @ 1.60GHz, 8 cores, 7G,  Windows 11 , 64 bit Build 26100 (10.0.26100.1301)
Time: Fri Mar 14 04:18:56 2025  Windows 11 , 64 bit Build 26100 (10.0.26100.1301) elapsed time: 1.846460 seconds (0d 0h 0m 1s)

---------------  T H R E A D  ---------------

Current thread (0x00000273f9aa2bc0):  JavaThread "Unknown thread" [_thread_in_vm, id=12428, stack(0x000000a0aca00000,0x000000a0acb00000) (1024K)]

Stack: [0x000000a0aca00000,0x000000a0acb00000]
Native frames: (J=compiled Java code, j=interpreted, Vv=VM code, C=native code)
V  [jvm.dll+0x6cdee9]
V  [jvm.dll+0x8a83d1]
V  [jvm.dll+0x8aa8fe]
V  [jvm.dll+0x8aafe3]
V  [jvm.dll+0x27f706]
V  [jvm.dll+0xbfb37]
V  [jvm.dll+0x702102]
V  [jvm.dll+0x702e3c]
V  [jvm.dll+0x6dcc13]
V  [jvm.dll+0x871cdc]
V  [jvm.dll+0x3bc2dc]
V  [jvm.dll+0x85a868]
V  [jvm.dll+0x45066e]
V  [jvm.dll+0x4522b1]
C  [jli.dll+0x5278]
C  [ucrtbase.dll+0x14ea0]
C  [KERNEL32.DLL+0x2dbe7]
C  [ntdll.dll+0xda94c]


---------------  P R O C E S S  ---------------

Threads class SMR info:
_java_thread_list=0x00000273f9ac6b00, length=1, elements={
0x00000273f9aa2bc0
}

Java Threads: ( => current thread )
=>0x00000273f9aa2bc0 JavaThread "Unknown thread"             [_thread_in_vm, id=12428, stack(0x000000a0aca00000,0x000000a0acb00000) (1024K)]
Total: 1

Other Threads:
  0x00000273fed4ca00 WatcherThread "VM Periodic Task Thread"        [id=8616, stack(0x000000a0acc00000,0x000000a0acd00000) (1024K)]
  0x00000273f9ac1550 WorkerThread "GC Thread#0"                     [id=14344, stack(0x000000a0acb00000,0x000000a0acc00000) (1024K)]
Total: 2

Threads with active compile tasks:
Total: 0

VM state: not at safepoint (normal execution)

VM Mutex/Monitor currently owned by a thread: None

Heap address: 0x00000000c0000000, size: 1024 MB, Compressed Oops mode: 32-bit

CDS archive(s) mapped at: [0x000002738f000000-0x000002738fba0000-0x000002738fba0000), size 12189696, SharedBaseAddress: 0x000002738f000000, ArchiveRelocationMode: 1.
Compressed class space mapped at: 0x0000027390000000-0x00000273d0000000, reserved size: 1073741824
Narrow klass base: 0x000002738f000000, Narrow klass shift: 0, Narrow klass range: 0x100000000

GC Precious Log:
 CardTable entry size: 512
 CPUs: 8 total, 8 available
 Memory: 8118M
 Large Page Support: Disabled
 NUMA Support: Disabled
 Compressed Oops: Enabled (32-bit)
 Alignments: Space 512K, Generation 512K, Heap 2M
 Heap Min Capacity: 100M
 Heap Initial Capacity: 100M
 Heap Max Capacity: 1G
 Pre-touch: Disabled
 Parallel Workers: 8

Heap:
 PSYoungGen      total 29696K, used 512K [0x00000000eab00000, 0x00000000ecc00000, 0x0000000100000000)
  eden space 25600K, 2% used [0x00000000eab00000,0x00000000eab80020,0x00000000ec400000)
  from space 4096K, 0% used [0x00000000ec800000,0x00000000ec800000,0x00000000ecc00000)
  to   space 4096K, 0% used [0x00000000ec400000,0x00000000ec400000,0x00000000ec800000)
 ParOldGen       total 68608K, used 0K [0x00000000c0000000, 0x00000000c4300000, 0x00000000eab00000)
  object space 68608K, 0% used [0x00000000c0000000,0x00000000c0000000,0x00000000c4300000)
 Metaspace       used 0K, committed 0K, reserved 1048576K
  class space    used 0K, committed 0K, reserved 1048576K

Card table byte_map: [0x00000273f9430000,0x00000273f9640000] _byte_map_base: 0x00000273f8e30000

Marking Bits: (ParMarkBitMap*) 0x00007ff9c59e3260
 Begin Bits: [0x00000273fcc70000, 0x00000273fdc70000)
 End Bits:   [0x00000273fdc70000, 0x00000273fec70000)

Polling page: 0x00000273f7960000

Metaspace:

Usage:
  Non-class:      0 bytes used.
      Class:      0 bytes used.
       Both:      0 bytes used.

Virtual space:
  Non-class space:        0 bytes reserved,       0 bytes (  ?%) committed,  0 nodes.
      Class space:        1.00 GB reserved,       0 bytes (  0%) committed,  1 nodes.
             Both:        1.00 GB reserved,       0 bytes (  0%) committed. 

Chunk freelists:
   Non-Class:  0 bytes
       Class:  16.00 MB
        Both:  16.00 MB

MaxMetaspaceSize: unlimited
CompressedClassSpaceSize: 1.00 GB
Initial GC threshold: 21.00 MB
Current GC threshold: 17179869184.00 GB
CDS: on
 - commit_granule_bytes: 65536.
 - commit_granule_words: 8192.
 - virtual_space_node_default_size: 8388608.
 - enlarge_chunks_in_place: 1.
 - use_allocation_guard: 0.


Internal statistics:

num_allocs_failed_limit: 0.
num_arena_births: 0.
num_arena_deaths: 0.
num_vsnodes_births: 1.
num_vsnodes_deaths: 0.
num_space_committed: 0.
num_space_uncommitted: 0.
num_chunks_returned_to_freelist: 0.
num_chunks_taken_from_freelist: 1.
num_chunk_merges: 0.
num_chunk_splits: 1.
num_chunks_enlarged: 0.
num_inconsistent_stats: 0.

CodeHeap 'non-profiled nmethods': size=120000Kb used=0Kb max_used=0Kb free=120000Kb
 bounds [0x0000027387ad0000, 0x0000027387d40000, 0x000002738f000000]
CodeHeap 'profiled nmethods': size=120000Kb used=0Kb max_used=0Kb free=120000Kb
 bounds [0x0000027380000000, 0x0000027380270000, 0x0000027387530000]
CodeHeap 'non-nmethods': size=5760Kb used=194Kb max_used=342Kb free=5565Kb
 bounds [0x0000027387530000, 0x00000273877a0000, 0x0000027387ad0000]
 total_blobs=70 nmethods=0 adapters=48
 compilation: enabled
              stopped_count=0, restarted_count=0
 full_count=0

Compilation events (0 events):
No events

GC Heap History (0 events):
No events

Dll operation events (1 events):
Event: 0.023 Loaded shared library c:\Users\Admin\.vscode\extensions\redhat.java-1.40.0-win32-x64\jre\21.0.6-win32-x86_64\bin\java.dll

Deoptimization events (0 events):
No events

Classes loaded (0 events):
No events

Classes unloaded (0 events):
No events

Classes redefined (0 events):
No events

Internal exceptions (0 events):
No events

ZGC Phase Switch (0 events):
No events

VM Operations (0 events):
No events

Memory protections (0 events):
No events

Nmethod flushes (0 events):
No events

Events (1 events):
Event: 0.841 Thread 0x00000273f9aa2bc0 Thread added: 0x00000273f9aa2bc0


Dynamic libraries:
0x00007ff74b790000 - 0x00007ff74b79e000 	c:\Users\Admin\.vscode\extensions\redhat.java-1.40.0-win32-x64\jre\21.0.6-win32-x86_64\bin\java.exe
0x00007ffa30600000 - 0x00007ffa30862000 	C:\Windows\SYSTEM32\ntdll.dll
0x00007ffa2f910000 - 0x00007ffa2f9d7000 	C:\Windows\System32\KERNEL32.DLL
0x00007ffa2dd00000 - 0x00007ffa2e0a0000 	C:\Windows\System32\KERNELBASE.dll
0x00007ffa2e280000 - 0x00007ffa2e3cc000 	C:\Windows\System32\ucrtbase.dll
0x00007ff9c5b50000 - 0x00007ff9c5b6e000 	c:\Users\Admin\.vscode\extensions\redhat.java-1.40.0-win32-x64\jre\21.0.6-win32-x86_64\bin\VCRUNTIME140.dll
0x00007ff9c5b70000 - 0x00007ff9c5b88000 	c:\Users\Admin\.vscode\extensions\redhat.java-1.40.0-win32-x64\jre\21.0.6-win32-x86_64\bin\jli.dll
0x00007ffa2f690000 - 0x00007ffa2f852000 	C:\Windows\System32\USER32.dll
0x00007ffa2da10000 - 0x00007ffa2da37000 	C:\Windows\System32\win32u.dll
0x00007ffa2e5b0000 - 0x00007ffa2e5da000 	C:\Windows\System32\GDI32.dll
0x00007ffa18eb0000 - 0x00007ffa19140000 	C:\Windows\WinSxS\amd64_microsoft.windows.common-controls_6595b64144ccf1df_6.0.26100.712_none_4446894f1c2e6cc3\COMCTL32.dll
0x00007ffa2e150000 - 0x00007ffa2e271000 	C:\Windows\System32\gdi32full.dll
0x00007ffa2f860000 - 0x00007ffa2f909000 	C:\Windows\System32\msvcrt.dll
0x00007ffa2e3d0000 - 0x00007ffa2e473000 	C:\Windows\System32\msvcp_win.dll
0x00007ffa30100000 - 0x00007ffa3012f000 	C:\Windows\System32\IMM32.DLL
0x0000000067410000 - 0x000000006741c000 	C:\Program Files (x86)\360\Total Security\safemon\SafeWrapper.dll
0x00007ffa2e7a0000 - 0x00007ffa2e852000 	C:\Windows\System32\ADVAPI32.dll
0x00007ffa2e480000 - 0x00007ffa2e527000 	C:\Windows\System32\sechost.dll
0x00007ffa2fb50000 - 0x00007ffa2fc66000 	C:\Windows\System32\RPCRT4.dll
0x00007ff9ca7e0000 - 0x00007ff9ca88c000 	C:\Program Files (x86)\360\Total Security\safemon\libzdtp64.dll
0x00007ffa2ea10000 - 0x00007ffa2f102000 	C:\Windows\System32\SHELL32.dll
0x00007ffa2f630000 - 0x00007ffa2f68d000 	C:\Windows\System32\SHLWAPI.dll
0x00007ffa28920000 - 0x00007ffa2892b000 	C:\Windows\SYSTEM32\VERSION.dll
0x00007ffa008e0000 - 0x00007ffa008ec000 	c:\Users\Admin\.vscode\extensions\redhat.java-1.40.0-win32-x64\jre\21.0.6-win32-x86_64\bin\vcruntime140_1.dll
0x00007ff9c5ac0000 - 0x00007ff9c5b4d000 	c:\Users\Admin\.vscode\extensions\redhat.java-1.40.0-win32-x64\jre\21.0.6-win32-x86_64\bin\msvcp140.dll
0x00007ff9c4d30000 - 0x00007ff9c5ac0000 	c:\Users\Admin\.vscode\extensions\redhat.java-1.40.0-win32-x64\jre\21.0.6-win32-x86_64\bin\server\jvm.dll
0x00007ffa2e940000 - 0x00007ffa2e9b4000 	C:\Windows\System32\WS2_32.dll
0x00007ffa2c770000 - 0x00007ffa2c7be000 	C:\Windows\SYSTEM32\POWRPROF.dll
0x00007ffa1c3b0000 - 0x00007ffa1c3e6000 	C:\Windows\SYSTEM32\WINMM.dll
0x00007ffa2c750000 - 0x00007ffa2c764000 	C:\Windows\SYSTEM32\UMPDC.dll
0x00007ffa2c9f0000 - 0x00007ffa2ca0a000 	C:\Windows\SYSTEM32\kernel.appcore.dll
0x00007ff9e9180000 - 0x00007ff9e918a000 	c:\Users\Admin\.vscode\extensions\redhat.java-1.40.0-win32-x64\jre\21.0.6-win32-x86_64\bin\jimage.dll
0x00007ffa025a0000 - 0x00007ffa027e1000 	C:\Windows\SYSTEM32\DBGHELP.DLL
0x00007ffa2f110000 - 0x00007ffa2f485000 	C:\Windows\System32\combase.dll
0x00007ffa30250000 - 0x00007ffa30326000 	C:\Windows\System32\OLEAUT32.dll
0x00007ffa16cf0000 - 0x00007ffa16d29000 	C:\Windows\SYSTEM32\dbgcore.DLL
0x00007ffa2e0b0000 - 0x00007ffa2e149000 	C:\Windows\System32\bcryptPrimitives.dll
0x00007ffa08ad0000 - 0x00007ffa08adf000 	c:\Users\Admin\.vscode\extensions\redhat.java-1.40.0-win32-x64\jre\21.0.6-win32-x86_64\bin\instrument.dll
0x00007ff9c4d10000 - 0x00007ff9c4d2f000 	c:\Users\Admin\.vscode\extensions\redhat.java-1.40.0-win32-x64\jre\21.0.6-win32-x86_64\bin\java.dll

dbghelp: loaded successfully - version: 4.0.5 - missing functions: none
symbol engine: initialized successfully - sym options: 0x614 - pdb path: .;c:\Users\Admin\.vscode\extensions\redhat.java-1.40.0-win32-x64\jre\21.0.6-win32-x86_64\bin;C:\Windows\SYSTEM32;C:\Windows\WinSxS\amd64_microsoft.windows.common-controls_6595b64144ccf1df_6.0.26100.712_none_4446894f1c2e6cc3;C:\Program Files (x86)\360\Total Security\safemon;c:\Users\Admin\.vscode\extensions\redhat.java-1.40.0-win32-x64\jre\21.0.6-win32-x86_64\bin\server

VM Arguments:
jvm_args: --add-modules=ALL-SYSTEM --add-opens=java.base/java.util=ALL-UNNAMED --add-opens=java.base/java.lang=ALL-UNNAMED --add-opens=java.base/sun.nio.fs=ALL-UNNAMED -Declipse.application=org.eclipse.jdt.ls.core.id1 -Dosgi.bundles.defaultStartLevel=4 -Declipse.product=org.eclipse.jdt.ls.core.product -Djava.import.generatesMetadataFilesAtProjectRoot=false -DDetectVMInstallationsJob.disabled=true -Dfile.encoding=utf8 -XX:+UseParallelGC -XX:GCTimeRatio=4 -XX:AdaptiveSizePolicyWeight=90 -Dsun.zip.disableMemoryMapping=true -Xmx1G -Xms100m -Xlog:disable -javaagent:c:\Users\Admin\.vscode\extensions\redhat.java-1.40.0-win32-x64\lombok\lombok-1.18.36.jar -XX:+HeapDumpOnOutOfMemoryError -XX:HeapDumpPath=c:\Users\Admin\AppData\Roaming\Code\User\workspaceStorage\c2ca087e62a9046a6d35a755ef195db1\redhat.java -Daether.dependencyCollector.impl=bf 
java_command: c:\Users\Admin\.vscode\extensions\redhat.java-1.40.0-win32-x64\server\plugins\org.eclipse.equinox.launcher_1.6.1000.v20250131-0606.jar -configuration c:\Users\Admin\AppData\Roaming\Code\User\globalStorage\redhat.java\1.40.0\config_win -data c:\Users\Admin\AppData\Roaming\Code\User\workspaceStorage\c2ca087e62a9046a6d35a755ef195db1\redhat.java\jdt_ws --pipe=\\.\pipe\lsp-7a947f13bd97c1f61ffc1fbd786e5411-sock
java_class_path (initial): c:\Users\Admin\.vscode\extensions\redhat.java-1.40.0-win32-x64\server\plugins\org.eclipse.equinox.launcher_1.6.1000.v20250131-0606.jar
Launcher Type: SUN_STANDARD

[Global flags]
    uintx AdaptiveSizePolicyWeight                 = 90                                        {product} {command line}
     intx CICompilerCount                          = 4                                         {product} {ergonomic}
    uintx GCTimeRatio                              = 4                                         {product} {command line}
     bool HeapDumpOnOutOfMemoryError               = true                                   {manageable} {command line}
    ccstr HeapDumpPath                             = c:\Users\Admin\AppData\Roaming\Code\User\workspaceStorage\c2ca087e62a9046a6d35a755ef195db1\redhat.java         {manageable} {command line}
   size_t InitialHeapSize                          = 104857600                                 {product} {command line}
   size_t MaxHeapSize                              = 1073741824                                {product} {command line}
   size_t MaxNewSize                               = 357564416                                 {product} {ergonomic}
   size_t MinHeapDeltaBytes                        = 524288                                    {product} {ergonomic}
   size_t MinHeapSize                              = 104857600                                 {product} {command line}
   size_t NewSize                                  = 34603008                                  {product} {ergonomic}
    uintx NonNMethodCodeHeapSize                   = 5839372                                {pd product} {ergonomic}
    uintx NonProfiledCodeHeapSize                  = 122909434                              {pd product} {ergonomic}
   size_t OldSize                                  = 70254592                                  {product} {ergonomic}
    uintx ProfiledCodeHeapSize                     = 122909434                              {pd product} {ergonomic}
    uintx ReservedCodeCacheSize                    = 251658240                              {pd product} {ergonomic}
     bool SegmentedCodeCache                       = true                                      {product} {ergonomic}
   size_t SoftMaxHeapSize                          = 1073741824                             {manageable} {ergonomic}
     bool UseCompressedOops                        = true                           {product lp64_product} {ergonomic}
     bool UseLargePagesIndividualAllocation        = false                                  {pd product} {ergonomic}
     bool UseParallelGC                            = true                                      {product} {command line}

Logging:
Log output configuration:
 #0: stdout all=off uptime,level,tags foldmultilines=false
 #1: stderr all=off uptime,level,tags foldmultilines=false

Environment Variables:
JAVA_HOME=C:\Program Files\Amazon Corretto\jdk21.0.6_7
PATH=C:\Users\Admin\AppData\Local\cloud-code\installer\google-cloud-sdk\bin;C:\Program Files (x86)\Common Files\Oracle\Java\java8path;C:\Program Files (x86)\Common Files\Oracle\Java\javapath;C:\Windows\system32;C:\Windows;C:\Windows\System32\Wbem;C:\Windows\System32\WindowsPowerShell\v1.0\;C:\Windows\System32\OpenSSH\;C:\PYTHON313\SCRIPTS\;C:\PYTHON313\;C:\PROGRAM FILES\ECLIPSE ADOPTIUM\JDK-21.0.6.7-HOTSPOT\BIN;C:\PROGRAM FILES\AMAZON CORRETTO\JDK21.0.6_7\BIN;C:\PROGRAM FILES\ECLIPSE ADOPTIUM\JDK-11.0.26.4-HOTSPOT\BIN;C:\PROGRAM FILES\AMAZON CORRETTO\JDK11.0.26_4\BIN;C:\PROGRAM FILES\ECLIPSE ADOPTIUM\JDK-17.0.14.7-HOTSPOT\BIN;C:\PROGRAM FILES\AMAZON CORRETTO\JDK17.0.14_7\BIN;C:\PROGRAM FILES\AMAZON CORRETTO\JDK1.8.0_442\BIN;C:\PROGRAM FILES (X86)\AMAZON CORRETTO\JDK1.8.0_442\BIN;C:\PROGRAM FILES (X86)\ECLIPSE ADOPTIUM\JDK-8.0.442.6-HOTSPOT\BIN;C:\PROGRAM FILES\ECLIPSE ADOPTIUM\JDK-8.0.442.6-HOTSPOT\BIN;C:\PROGRAM FILES\ECLIPSE ADOPTIUM\JRE-21.0.6.7-HOTSPOT\BIN;C:\PROGRAM FILES\ECLIPSE ADOPTIUM\JRE-8.0.442.6-HOTSPOT\BIN;C:\PROGRAM FILES\ECLIPSE ADOPTIUM\JRE-17.0.14.7-HOTSPOT\BIN;C:\PROGRAM FILES\ECLIPSE ADOPTIUM\JRE-11.0.26.4-HOTSPOT\BIN;C:\PROGRAM FILES (X86)\ECLIPSE ADOPTIUM\JRE-8.0.442.6-HOTSPOT\BIN;C:\PROGRAMDATA\CHOCOLATEY\BIN;C:\PROGRAM FILES (X86)\NVIDIA CORPORATION\PHYSX\COMMON;C:\PROGRAM FILES\DOTNET\;C:\PROGRAM FILES\GIT\CMD;C:\Program Files\Git\cmd;C:\Program Files (x86)\FinalBuilder 8;C:\Program Files (x86)\nodejs\;C:\Users\Admin\AppData\Local\Microsoft\WindowsApps;C:\Users\Admin\AppData\Local\Muse Hub\lib;C:\Users\Admin\AppData\Local\Programs\Microsoft VS Code\bin;C:\Users\Admin\AppData\Local\Programs\Windsurf\bin;C:\Users\Admin\AppData\Roaming\npm;C:\Users\Admin\.dotnet\tools;C:\Users\Admin\AppData\Local\GitHubDesktop\bin;C:\Users\Admin\AppData\Local\Google\Cloud SDK\google-cloud-sdk\bin;C:\Program Files (x86)\Google\Cloud SDK\google-cloud-sdk\bin;C:\Program Files\Google\Cloud SDK\google-cloud-sdk\bin
USERNAME=Admin
OS=Windows_NT
PROCESSOR_IDENTIFIER=Intel64 Family 6 Model 142 Stepping 10, GenuineIntel
TMP=C:\Users\Admin\AppData\Local\Temp
TEMP=C:\Users\Admin\AppData\Local\Temp




Periodic native trim disabled

---------------  S Y S T E M  ---------------

OS:
 Windows 11 , 64 bit Build 26100 (10.0.26100.1301)
OS uptime: 0 days 0:09 hours

CPU: total 8 (initial active 8) (4 cores per cpu, 2 threads per core) family 6 model 142 stepping 10 microcode 0xe0, cx8, cmov, fxsr, ht, mmx, 3dnowpref, sse, sse2, sse3, ssse3, sse4.1, sse4.2, popcnt, lzcnt, tsc, tscinvbit, avx, avx2, aes, erms, clmul, bmi1, bmi2, adx, fma, vzeroupper, clflush, clflushopt, rdtscp, f16c
Processor Information for the first 8 processors :
  Max Mhz: 1800, Current Mhz: 1600, Mhz Limit: 1584

Memory: 4k page, system-wide physical 8118M (757M free)
TotalPageFile size 16310M (AvailPageFile size 196M)
current process WorkingSet (physical memory assigned to process): 27M, peak: 27M
current process commit charge ("private bytes"): 174M, peak: 175M

vm_info: OpenJDK 64-Bit Server VM (21.0.6+7-LTS) for windows-amd64 JRE (21.0.6+7-LTS), built on 2025-01-21T00:00:00Z by "admin" with MS VC++ 17.7 (VS2022)

END.
